# JRE version: Java(TM) SE Runtime Environment (8.0_391) (build 1.8.0_391-b26)
# Java VM: Java HotSpot(TM) 64-Bit Server VM (25.391-b26 mixed mode windows-amd64 compressed oops)
Heap:
 PSYoungGen      total 229888K, used 172348K [0x0000000780000000, 0x0000000792080000, 0x00000007c0000000)
  eden space 214016K, 73% used [0x0000000780000000,0x00000007899b3130,0x000000078d100000)
  from space 15872K, 94% used [0x000000078d100000,0x000000078df9c0d0,0x000000078e080000)
  to   space 17408K, 0% used [0x0000000790f80000,0x0000000790f80000,0x0000000792080000)
 ParOldGen       total 165888K, used 19434K [0x0000000700000000, 0x000000070a200000, 0x0000000780000000)
  object space 165888K, 11% used [0x0000000700000000,0x00000007012fa840,0x000000070a200000)
 Metaspace       used 47770K, capacity 48656K, committed 48808K, reserved 1091584K
  class space    used 6740K, capacity 7000K, committed 7088K, reserved 1048576K
GC Heap History (10 events):
Event: 4.245 GC heap before
{Heap before GC invocations=7 (full 2):
 PSYoungGen      total 135680K, used 10722K [0x0000000780000000, 0x000000078b180000, 0x00000007c0000000)
  eden space 124928K, 0% used [0x0000000780000000,0x0000000780000000,0x0000000787a00000)
  from space 10752K, 99% used [0x0000000787a00000,0x0000000788478920,0x0000000788480000)
  to   space 13824K, 0% used [0x000000078a400000,0x000000078a400000,0x000000078b180000)
 ParOldGen       total 101376K, used 10878K [0x0000000700000000, 0x0000000706300000, 0x0000000780000000)
  object space 101376K, 10% used [0x0000000700000000,0x0000000700a9fa98,0x0000000706300000)
 Metaspace       used 34739K, capacity 35314K, committed 35496K, reserved 1079296K
  class space    used 4814K, capacity 5029K, committed 5040K, reserved 1048576K
Event: 4.274 GC heap after
Heap after GC invocations=7 (full 2):
 PSYoungGen      total 135680K, used 0K [0x0000000780000000, 0x000000078b180000, 0x00000007c0000000)
  eden space 124928K, 0% used [0x0000000780000000,0x0000000780000000,0x0000000787a00000)
  from space 10752K, 0% used [0x0000000787a00000,0x0000000787a00000,0x0000000788480000)
  to   space 13824K, 0% used [0x000000078a400000,0x000000078a400000,0x000000078b180000)
 ParOldGen       total 165888K, used 18566K [0x0000000700000000, 0x000000070a200000, 0x0000000780000000)
  object space 165888K, 11% used [0x0000000700000000,0x0000000701221ad0,0x000000070a200000)
 Metaspace       used 34739K, capacity 35314K, committed 35496K, reserved 1079296K
  class space    used 4814K, capacity 5029K, committed 5040K, reserved 1048576K
}
Event: 5.302 GC heap before
{Heap before GC invocations=8 (full 2):
 PSYoungGen      total 135680K, used 124928K [0x0000000780000000, 0x000000078b180000, 0x00000007c0000000)
  eden space 124928K, 100% used [0x0000000780000000,0x0000000787a00000,0x0000000787a00000)
  from space 10752K, 0% used [0x0000000787a00000,0x0000000787a00000,0x0000000788480000)
  to   space 13824K, 0% used [0x000000078a400000,0x000000078a400000,0x000000078b180000)
 ParOldGen       total 165888K, used 18566K [0x0000000700000000, 0x000000070a200000, 0x0000000780000000)
  object space 165888K, 11% used [0x0000000700000000,0x0000000701221ad0,0x000000070a200000)
 Metaspace       used 41677K, capacity 42344K, committed 42792K, reserved 1085440K
  class space    used 5870K, capacity 6078K, committed 6192K, reserved 1048576K
Event: 5.308 GC heap after
Heap after GC invocations=8 (full 2):
 PSYoungGen      total 167936K, used 10210K [0x0000000780000000, 0x000000078c480000, 0x00000007c0000000)
  eden space 154112K, 0% used [0x0000000780000000,0x0000000780000000,0x0000000789680000)
  from space 13824K, 73% used [0x000000078a400000,0x000000078adf8ba8,0x000000078b180000)
  to   space 13824K, 0% used [0x0000000789680000,0x0000000789680000,0x000000078a400000)
 ParOldGen       total 165888K, used 18574K [0x0000000700000000, 0x000000070a200000, 0x0000000780000000)
  object space 165888K, 11% used [0x0000000700000000,0x0000000701223ad0,0x000000070a200000)
 Metaspace       used 41677K, capacity 42344K, committed 42792K, reserved 1085440K
  class space    used 5870K, capacity 6078K, committed 6192K, reserved 1048576K
}
Event: 6.016 GC heap before
{Heap before GC invocations=9 (full 2):
 PSYoungGen      total 167936K, used 164322K [0x0000000780000000, 0x000000078c480000, 0x00000007c0000000)
  eden space 154112K, 100% used [0x0000000780000000,0x0000000789680000,0x0000000789680000)
  from space 13824K, 73% used [0x000000078a400000,0x000000078adf8ba8,0x000000078b180000)
  to   space 13824K, 0% used [0x0000000789680000,0x0000000789680000,0x000000078a400000)
 ParOldGen       total 165888K, used 18574K [0x0000000700000000, 0x000000070a200000, 0x0000000780000000)
  object space 165888K, 11% used [0x0000000700000000,0x0000000701223ad0,0x000000070a200000)
 Metaspace       used 45231K, capacity 46136K, committed 46376K, reserved 1089536K
  class space    used 6364K, capacity 6660K, committed 6704K, reserved 1048576K
Event: 6.023 GC heap after
Heap after GC invocations=9 (full 2):
 PSYoungGen      total 167936K, used 11462K [0x0000000780000000, 0x000000078f000000, 0x00000007c0000000)
  eden space 154112K, 0% used [0x0000000780000000,0x0000000780000000,0x0000000789680000)
  from space 13824K, 82% used [0x0000000789680000,0x000000078a1b1848,0x000000078a400000)
  to   space 14336K, 0% used [0x000000078e200000,0x000000078e200000,0x000000078f000000)
 ParOldGen       total 165888K, used 18646K [0x0000000700000000, 0x000000070a200000, 0x0000000780000000)
  object space 165888K, 11% used [0x0000000700000000,0x0000000701235ae0,0x000000070a200000)
 Metaspace       used 45231K, capacity 46136K, committed 46376K, reserved 1089536K
  class space    used 6364K, capacity 6660K, committed 6704K, reserved 1048576K
}
Event: 7.601 GC heap before
{Heap before GC invocations=10 (full 2):
 PSYoungGen      total 167936K, used 165028K [0x0000000780000000, 0x000000078f000000, 0x00000007c0000000)
  eden space 154112K, 99% used [0x0000000780000000,0x00000007895f79e8,0x0000000789680000)
  from space 13824K, 82% used [0x0000000789680000,0x000000078a1b1848,0x000000078a400000)
  to   space 14336K, 0% used [0x000000078e200000,0x000000078e200000,0x000000078f000000)
 ParOldGen       total 165888K, used 18646K [0x0000000700000000, 0x000000070a200000, 0x0000000780000000)
  object space 165888K, 11% used [0x0000000700000000,0x0000000701235ae0,0x000000070a200000)
 Metaspace       used 47051K, capacity 47928K, committed 48168K, reserved 1091584K
  class space    used 6658K, capacity 6930K, committed 6960K, reserved 1048576K
Event: 7.606 GC heap after
Heap after GC invocations=10 (full 2):
 PSYoungGen      total 225280K, used 14334K [0x0000000780000000, 0x000000078f000000, 0x00000007c0000000)
  eden space 210944K, 0% used [0x0000000780000000,0x0000000780000000,0x000000078ce00000)
  from space 14336K, 99% used [0x000000078e200000,0x000000078efff860,0x000000078f000000)
  to   space 15872K, 0% used [0x000000078d100000,0x000000078d100000,0x000000078e080000)
 ParOldGen       total 165888K, used 19426K [0x0000000700000000, 0x000000070a200000, 0x0000000780000000)
  object space 165888K, 11% used [0x0000000700000000,0x00000007012f8840,0x000000070a200000)
 Metaspace       used 47051K, capacity 47928K, committed 48168K, reserved 1091584K
  class space    used 6658K, capacity 6930K, committed 6960K, reserved 1048576K
}
Event: 8.174 GC heap before
{Heap before GC invocations=11 (full 2):
 PSYoungGen      total 225280K, used 224182K [0x0000000780000000, 0x000000078f000000, 0x00000007c0000000)
  eden space 210944K, 99% used [0x0000000780000000,0x000000078ccee300,0x000000078ce00000)
  from space 14336K, 99% used [0x000000078e200000,0x000000078efff860,0x000000078f000000)
  to   space 15872K, 0% used [0x000000078d100000,0x000000078d100000,0x000000078e080000)
 ParOldGen       total 165888K, used 19426K [0x0000000700000000, 0x000000070a200000, 0x0000000780000000)
  object space 165888K, 11% used [0x0000000700000000,0x00000007012f8840,0x000000070a200000)
 Metaspace       used 47486K, capacity 48324K, committed 48552K, reserved 1091584K
  class space    used 6714K, capacity 6996K, committed 7088K, reserved 1048576K
Event: 8.179 GC heap after
Heap after GC invocations=11 (full 2):
 PSYoungGen      total 229888K, used 14960K [0x0000000780000000, 0x0000000792080000, 0x00000007c0000000)
  eden space 214016K, 0% used [0x0000000780000000,0x0000000780000000,0x000000078d100000)
  from space 15872K, 94% used [0x000000078d100000,0x000000078df9c0d0,0x000000078e080000)
  to   space 17408K, 0% used [0x0000000790f80000,0x0000000790f80000,0x0000000792080000)
 ParOldGen       total 165888K, used 19434K [0x0000000700000000, 0x000000070a200000, 0x0000000780000000)
  object space 165888K, 11% used [0x0000000700000000,0x00000007012fa840,0x000000070a200000)
 Metaspace       used 47486K, capacity 48324K, committed 48552K, reserved 1091584K
  class space    used 6714K, capacity 6996K, committed 7088K, reserved 1048576K
}

