# JRE version: Java(TM) SE Runtime Environment (8.0_391) (build 1.8.0_391-b26)
# Java VM: Java HotSpot(TM) 64-Bit Server VM (25.391-b26 mixed mode windows-amd64 compressed oops)
Heap:
 PSYoungGen      total 226304K, used 196812K [0x0000000780000000, 0x0000000791980000, 0x00000007c0000000)
  eden space 208896K, 87% used [0x0000000780000000,0x000000078b30d3a0,0x000000078cc00000)
  from space 17408K, 77% used [0x000000078cc00000,0x000000078d925fb8,0x000000078dd00000)
  to   space 17920K, 0% used [0x0000000790800000,0x0000000790800000,0x0000000791980000)
 ParOldGen       total 167424K, used 23074K [0x0000000700000000, 0x000000070a380000, 0x0000000780000000)
  object space 167424K, 13% used [0x0000000700000000,0x00000007016889f8,0x000000070a380000)
 Metaspace       used 48670K, capacity 49672K, committed 49960K, reserved 1091584K
  class space    used 6869K, capacity 7138K, committed 7216K, reserved 1048576K
GC Heap History (10 events):
Event: 2.742 GC heap before
{Heap before GC invocations=7 (full 2):
 PSYoungGen      total 135680K, used 10740K [0x0000000780000000, 0x000000078b000000, 0x00000007c0000000)
  eden space 124928K, 0% used [0x0000000780000000,0x0000000780000000,0x0000000787a00000)
  from space 10752K, 99% used [0x0000000787a00000,0x000000078847d2f0,0x0000000788480000)
  to   space 13824K, 0% used [0x000000078a280000,0x000000078a280000,0x000000078b000000)
 ParOldGen       total 103424K, used 10869K [0x0000000700000000, 0x0000000706500000, 0x0000000780000000)
  object space 103424K, 10% used [0x0000000700000000,0x0000000700a9d788,0x0000000706500000)
 Metaspace       used 34794K, capacity 35308K, committed 35496K, reserved 1079296K
  class space    used 4830K, capacity 5028K, committed 5040K, reserved 1048576K
Event: 2.764 GC heap after
Heap after GC invocations=7 (full 2):
 PSYoungGen      total 135680K, used 0K [0x0000000780000000, 0x000000078b000000, 0x00000007c0000000)
  eden space 124928K, 0% used [0x0000000780000000,0x0000000780000000,0x0000000787a00000)
  from space 10752K, 0% used [0x0000000787a00000,0x0000000787a00000,0x0000000788480000)
  to   space 13824K, 0% used [0x000000078a280000,0x000000078a280000,0x000000078b000000)
 ParOldGen       total 167424K, used 18560K [0x0000000700000000, 0x000000070a380000, 0x0000000780000000)
  object space 167424K, 11% used [0x0000000700000000,0x00000007012200c8,0x000000070a380000)
 Metaspace       used 34794K, capacity 35308K, committed 35496K, reserved 1079296K
  class space    used 4830K, capacity 5028K, committed 5040K, reserved 1048576K
}
Event: 3.459 GC heap before
{Heap before GC invocations=8 (full 2):
 PSYoungGen      total 135680K, used 124928K [0x0000000780000000, 0x000000078b000000, 0x00000007c0000000)
  eden space 124928K, 100% used [0x0000000780000000,0x0000000787a00000,0x0000000787a00000)
  from space 10752K, 0% used [0x0000000787a00000,0x0000000787a00000,0x0000000788480000)
  to   space 13824K, 0% used [0x000000078a280000,0x000000078a280000,0x000000078b000000)
 ParOldGen       total 167424K, used 18560K [0x0000000700000000, 0x000000070a380000, 0x0000000780000000)
  object space 167424K, 11% used [0x0000000700000000,0x00000007012200c8,0x000000070a380000)
 Metaspace       used 41743K, capacity 42370K, committed 42792K, reserved 1085440K
  class space    used 5880K, capacity 6109K, committed 6192K, reserved 1048576K
Event: 3.464 GC heap after
Heap after GC invocations=8 (full 2):
 PSYoungGen      total 166400K, used 10256K [0x0000000780000000, 0x000000078c600000, 0x00000007c0000000)
  eden space 152576K, 0% used [0x0000000780000000,0x0000000780000000,0x0000000789500000)
  from space 13824K, 74% used [0x000000078a280000,0x000000078ac84348,0x000000078b000000)
  to   space 13824K, 0% used [0x0000000789500000,0x0000000789500000,0x000000078a280000)
 ParOldGen       total 167424K, used 18568K [0x0000000700000000, 0x000000070a380000, 0x0000000780000000)
  object space 167424K, 11% used [0x0000000700000000,0x00000007012220c8,0x000000070a380000)
 Metaspace       used 41743K, capacity 42370K, committed 42792K, reserved 1085440K
  class space    used 5880K, capacity 6109K, committed 6192K, reserved 1048576K
}
Event: 3.913 GC heap before
{Heap before GC invocations=9 (full 2):
 PSYoungGen      total 166400K, used 162832K [0x0000000780000000, 0x000000078c600000, 0x00000007c0000000)
  eden space 152576K, 100% used [0x0000000780000000,0x0000000789500000,0x0000000789500000)
  from space 13824K, 74% used [0x000000078a280000,0x000000078ac84348,0x000000078b000000)
  to   space 13824K, 0% used [0x0000000789500000,0x0000000789500000,0x000000078a280000)
 ParOldGen       total 167424K, used 18568K [0x0000000700000000, 0x000000070a380000, 0x0000000780000000)
  object space 167424K, 11% used [0x0000000700000000,0x00000007012220c8,0x000000070a380000)
 Metaspace       used 45188K, capacity 46136K, committed 46376K, reserved 1089536K
  class space    used 6370K, capacity 6660K, committed 6704K, reserved 1048576K
Event: 3.918 GC heap after
Heap after GC invocations=9 (full 2):
 PSYoungGen      total 166400K, used 11217K [0x0000000780000000, 0x000000078ec80000, 0x00000007c0000000)
  eden space 152576K, 0% used [0x0000000780000000,0x0000000780000000,0x0000000789500000)
  from space 13824K, 81% used [0x0000000789500000,0x0000000789ff4700,0x000000078a280000)
  to   space 14336K, 0% used [0x000000078de80000,0x000000078de80000,0x000000078ec80000)
 ParOldGen       total 167424K, used 18640K [0x0000000700000000, 0x000000070a380000, 0x0000000780000000)
  object space 167424K, 11% used [0x0000000700000000,0x00000007012340d8,0x000000070a380000)
 Metaspace       used 45188K, capacity 46136K, committed 46376K, reserved 1089536K
  class space    used 6370K, capacity 6660K, committed 6704K, reserved 1048576K
}
Event: 4.939 GC heap before
{Heap before GC invocations=10 (full 2):
 PSYoungGen      total 166400K, used 162645K [0x0000000780000000, 0x000000078ec80000, 0x00000007c0000000)
  eden space 152576K, 99% used [0x0000000780000000,0x00000007893e0eb0,0x0000000789500000)
  from space 13824K, 81% used [0x0000000789500000,0x0000000789ff4700,0x000000078a280000)
  to   space 14336K, 0% used [0x000000078de80000,0x000000078de80000,0x000000078ec80000)
 ParOldGen       total 167424K, used 18640K [0x0000000700000000, 0x000000070a380000, 0x0000000780000000)
  object space 167424K, 11% used [0x0000000700000000,0x00000007012340d8,0x000000070a380000)
 Metaspace       used 47424K, capacity 48318K, committed 48552K, reserved 1091584K
  class space    used 6730K, capacity 6995K, committed 7088K, reserved 1048576K
Event: 4.945 GC heap after
Heap after GC invocations=10 (full 2):
 PSYoungGen      total 223232K, used 14304K [0x0000000780000000, 0x000000078ee00000, 0x00000007c0000000)
  eden space 208896K, 0% used [0x0000000780000000,0x0000000780000000,0x000000078cc00000)
  from space 14336K, 99% used [0x000000078de80000,0x000000078ec780d0,0x000000078ec80000)
  to   space 17408K, 0% used [0x000000078cc00000,0x000000078cc00000,0x000000078dd00000)
 ParOldGen       total 167424K, used 23066K [0x0000000700000000, 0x000000070a380000, 0x0000000780000000)
  object space 167424K, 13% used [0x0000000700000000,0x00000007016869f8,0x000000070a380000)
 Metaspace       used 47424K, capacity 48318K, committed 48552K, reserved 1091584K
  class space    used 6730K, capacity 6995K, committed 7088K, reserved 1048576K
}
Event: 6.051 GC heap before
{Heap before GC invocations=11 (full 2):
 PSYoungGen      total 223232K, used 222900K [0x0000000780000000, 0x000000078ee00000, 0x00000007c0000000)
  eden space 208896K, 99% used [0x0000000780000000,0x000000078cbb52e8,0x000000078cc00000)
  from space 14336K, 99% used [0x000000078de80000,0x000000078ec780d0,0x000000078ec80000)
  to   space 17408K, 0% used [0x000000078cc00000,0x000000078cc00000,0x000000078dd00000)
 ParOldGen       total 167424K, used 23066K [0x0000000700000000, 0x000000070a380000, 0x0000000780000000)
  object space 167424K, 13% used [0x0000000700000000,0x00000007016869f8,0x000000070a380000)
 Metaspace       used 48446K, capacity 49380K, committed 49704K, reserved 1091584K
  class space    used 6852K, capacity 7130K, committed 7216K, reserved 1048576K
Event: 6.057 GC heap after
Heap after GC invocations=11 (full 2):
 PSYoungGen      total 226304K, used 13463K [0x0000000780000000, 0x0000000791980000, 0x00000007c0000000)
  eden space 208896K, 0% used [0x0000000780000000,0x0000000780000000,0x000000078cc00000)
  from space 17408K, 77% used [0x000000078cc00000,0x000000078d925fb8,0x000000078dd00000)
  to   space 17920K, 0% used [0x0000000790800000,0x0000000790800000,0x0000000791980000)
 ParOldGen       total 167424K, used 23074K [0x0000000700000000, 0x000000070a380000, 0x0000000780000000)
  object space 167424K, 13% used [0x0000000700000000,0x00000007016889f8,0x000000070a380000)
 Metaspace       used 48446K, capacity 49380K, committed 49704K, reserved 1091584K
  class space    used 6852K, capacity 7130K, committed 7216K, reserved 1048576K
}

